<?xml version="1.0" encoding="UTF-8"?>
<robot generator="Robot 3.1 (Python 3.5.2 on linux)" generated="20181224 14:42:40.929" rpa="false">
<suite id="s1" source="/home/zhangzhi/RobotFramework/cloudBrainTest/rfCore/test/helloworld/helloworld.robot" name="Helloworld">
<test id="s1-t1" name="First Test Case">
<kw name="Begin web test">
<kw library="BuiltIn" name="Log">
<doc>Logs the given message with the given level.</doc>
<arguments>
<arg>this is the first test Case</arg>
</arguments>
<msg level="INFO" timestamp="20181224 14:42:41.049">this is the first test Case</msg>
<status starttime="20181224 14:42:41.048" endtime="20181224 14:42:41.049" status="PASS"></status>
</kw>
<status starttime="20181224 14:42:41.048" endtime="20181224 14:42:41.049" status="PASS"></status>
</kw>
<status starttime="20181224 14:42:41.047" critical="yes" endtime="20181224 14:42:41.049" status="PASS"></status>
</test>
<test id="s1-t2" name="Second Test Case">
<kw name="End web test">
<kw library="BuiltIn" name="Log">
<doc>Logs the given message with the given level.</doc>
<arguments>
<arg>HelloWorld</arg>
</arguments>
<msg level="INFO" timestamp="20181224 14:42:41.051">HelloWorld</msg>
<status starttime="20181224 14:42:41.051" endtime="20181224 14:42:41.052" status="PASS"></status>
</kw>
<status starttime="20181224 14:42:41.051" endtime="20181224 14:42:41.052" status="PASS"></status>
</kw>
<status starttime="20181224 14:42:41.050" critical="yes" endtime="20181224 14:42:41.052" status="PASS"></status>
</test>
<status starttime="20181224 14:42:40.930" endtime="20181224 14:42:41.053" status="PASS"></status>
</suite>
<statistics>
<total>
<stat pass="2" fail="0">Critical Tests</stat>
<stat pass="2" fail="0">All Tests</stat>
</total>
<tag>
</tag>
<suite>
<stat id="s1" name="Helloworld" fail="0" pass="2">Helloworld</stat>
</suite>
</statistics>
<errors>
</errors>
</robot>
