<?xml version="1.0" encoding="UTF-8"?>
<robot generator="Robot 3.1 (Python 3.5.2 on linux)" rpa="false" generated="20190109 14:58:58.369">
<suite source="/home/zhangzhi/RobotFramework/cloudBrainTest/rfCore/bris/login_register/register/register.robot" name="Register" id="s1">
<test name="Register Bris" id="s1-t1">
<kw name="Add Needed Image Path" type="setup">
<kw library="Remote" name="Add Image Path">
<doc>Add image path</doc>
<arguments>
<arg>${IMAGE_DIR}</arg>
</arguments>
<msg timestamp="20190109 14:59:01.121" level="INFO">Params: [E:\rftest\bris\login_register\register\]</msg>
<status status="PASS" starttime="20190109 14:59:01.108" endtime="20190109 14:59:01.121"></status>
</kw>
<status status="PASS" starttime="20190109 14:59:01.108" endtime="20190109 14:59:01.121"></status>
</kw>
<kw name="Open Bris Page">
<kw library="Remote" name="Double Click">
<doc>Double click image</doc>
<arguments>
<arg>desktop_cloud_brain.png</arg>
</arguments>
<msg timestamp="20190109 14:59:02.374" level="INFO">Params: [desktop_cloud_brain.png]</msg>
<msg timestamp="20190109 14:59:02.374" level="INFO" html="yes">&lt;img src='./sikuliximage-1547017140463.png'/&gt;
[log] DOUBLE CLICK on L(113,352)@S(0)[0,0 1920x1080] (548 msec)</msg>
<status status="PASS" starttime="20190109 14:59:01.122" endtime="20190109 14:59:02.374"></status>
</kw>
<kw library="Remote" name="Wait Until Screen Contain">
<doc>Wait until image shown in screen</doc>
<arguments>
<arg>login_page.png</arg>
<arg>10</arg>
</arguments>
<msg timestamp="20190109 14:59:04.026" level="INFO">Params: [login_page.png, 10]</msg>
<msg timestamp="20190109 14:59:04.026" level="INFO" html="yes">&lt;img src='./sikuliximage-1547017142854.png'/&gt;</msg>
<status status="PASS" starttime="20190109 14:59:02.374" endtime="20190109 14:59:04.027"></status>
</kw>
<kw library="Remote" name="Mouse Move">
<doc>Move the mouse pointer to the target</doc>
<arguments>
<arg>login_page_register_button.png</arg>
</arguments>
<msg timestamp="20190109 14:59:04.915" level="INFO">Params: [login_page_register_button.png]</msg>
<msg timestamp="20190109 14:59:04.915" level="INFO" html="yes">&lt;img src='./sikuliximage-1547017143311.png'/&gt;</msg>
<status status="PASS" starttime="20190109 14:59:04.027" endtime="20190109 14:59:04.915"></status>
</kw>
<status status="PASS" starttime="20190109 14:59:01.121" endtime="20190109 14:59:04.915"></status>
</kw>
<kw name="Go To Register Page">
<kw library="Remote" name="Double Click">
<doc>Double click image</doc>
<arguments>
<arg>login_page_register_button</arg>
</arguments>
<msg timestamp="20190109 14:59:06.069" level="INFO">Params: [login_page_register_button]</msg>
<msg timestamp="20190109 14:59:06.069" level="INFO" html="yes">&lt;img src='./sikuliximage-1547017144130.png'/&gt;
[log] DOUBLE CLICK on L(1151,717)@S(0)[0,0 1920x1080] (548 msec)</msg>
<status status="PASS" starttime="20190109 14:59:04.915" endtime="20190109 14:59:06.069"></status>
</kw>
<kw library="Remote" name="Wait Until Screen Contain">
<doc>Wait until image shown in screen</doc>
<arguments>
<arg>register_page</arg>
<arg>10</arg>
</arguments>
<msg timestamp="20190109 14:59:07.560" level="INFO">Params: [register_page, 10]</msg>
<msg timestamp="20190109 14:59:07.560" level="INFO" html="yes">&lt;img src='./sikuliximage-1547017146424.png'/&gt;</msg>
<status status="PASS" starttime="20190109 14:59:06.069" endtime="20190109 14:59:07.560"></status>
</kw>
<status status="PASS" starttime="20190109 14:59:04.915" endtime="20190109 14:59:07.560"></status>
</kw>
<kw name="Type Information">
<kw library="Remote" name="Paste Text">
<doc>Paste text. Image could be empty</doc>
<arguments>
<arg>register_page_name.png</arg>
<arg>张志</arg>
</arguments>
<msg timestamp="20190109 14:59:08.740" level="INFO">Params: [register_page_name.png, 张志]
Paste Text:
张志</msg>
<msg timestamp="20190109 14:59:08.740" level="INFO" html="yes">&lt;img src='./sikuliximage-1547017146798.png'/&gt;
[log] CLICK on L(1089,328)@S(0)[0,0 1920x1080] (526 msec)</msg>
<status status="PASS" starttime="20190109 14:59:07.561" endtime="20190109 14:59:08.740"></status>
</kw>
<kw library="Remote" name="Click">
<doc>Click image</doc>
<arguments>
<arg>register_page_sex.png</arg>
</arguments>
<msg timestamp="20190109 14:59:09.807" level="INFO">Params: [register_page_sex.png]</msg>
<msg timestamp="20190109 14:59:09.807" level="INFO" html="yes">&lt;img src='./sikuliximage-1547017147930.png'/&gt;
[log] CLICK on L(1027,356)@S(0)[0,0 1920x1080] (524 msec)</msg>
<status status="PASS" starttime="20190109 14:59:08.740" endtime="20190109 14:59:09.807"></status>
</kw>
<kw library="Remote" name="Input Text">
<doc>Input text. Image could be empty</doc>
<arguments>
<arg>register_page_age.png</arg>
<arg>30</arg>
</arguments>
<msg timestamp="20190109 14:59:11.005" level="INFO">Params: [register_page_age.png, 30]
Input Text:
30</msg>
<msg timestamp="20190109 14:59:11.005" level="INFO" html="yes">&lt;img src='./sikuliximage-1547017148997.png'/&gt;
[log] CLICK on L(1088,389)@S(0)[0,0 1920x1080] (523 msec)
[log]  TYPE "30"</msg>
<status status="PASS" starttime="20190109 14:59:09.807" endtime="20190109 14:59:11.005"></status>
</kw>
<kw library="Remote" name="Input Text">
<doc>Input text. Image could be empty</doc>
<arguments>
<arg>register_page_tel.png</arg>
<arg>13894639274</arg>
</arguments>
<msg timestamp="20190109 14:59:12.715" level="INFO">Params: [register_page_tel.png, 13894639274]
Input Text:
13894639274</msg>
<msg timestamp="20190109 14:59:12.715" level="INFO" html="yes">&lt;img src='./sikuliximage-1547017150265.png'/&gt;
[log] CLICK on L(1092,417)@S(0)[0,0 1920x1080] (525 msec)
[log]  TYPE "13894639274"</msg>
<status status="PASS" starttime="20190109 14:59:11.005" endtime="20190109 14:59:12.715"></status>
</kw>
<kw library="Remote" name="Click">
<doc>Click image</doc>
<arguments>
<arg>register_page_member.png</arg>
</arguments>
<msg timestamp="20190109 14:59:13.759" level="INFO">Params: [register_page_member.png]</msg>
<msg timestamp="20190109 14:59:13.759" level="INFO" html="yes">&lt;img src='./sikuliximage-1547017151902.png'/&gt;
[log] CLICK on L(1036,447)@S(0)[0,0 1920x1080] (527 msec)</msg>
<status status="PASS" starttime="20190109 14:59:12.715" endtime="20190109 14:59:13.759"></status>
</kw>
<kw library="Remote" name="Paste Text">
<doc>Paste text. Image could be empty</doc>
<arguments>
<arg>register_page_number.png</arg>
<arg>123456</arg>
</arguments>
<msg timestamp="20190109 14:59:15.000" level="INFO">Params: [register_page_number.png, 123456]
Paste Text:
123456</msg>
<msg timestamp="20190109 14:59:15.000" level="INFO" html="yes">&lt;img src='./sikuliximage-1547017152982.png'/&gt;
[log] CLICK on L(1091,478)@S(0)[0,0 1920x1080] (526 msec)</msg>
<status status="PASS" starttime="20190109 14:59:13.759" endtime="20190109 14:59:15.000"></status>
</kw>
<kw library="Remote" name="Paste Text">
<doc>Paste text. Image could be empty</doc>
<arguments>
<arg>register_page_password.png</arg>
<arg>123456</arg>
</arguments>
<msg timestamp="20190109 14:59:16.178" level="INFO">Params: [register_page_password.png, 123456]
Paste Text:
123456</msg>
<msg timestamp="20190109 14:59:16.178" level="INFO" html="yes">&lt;img src='./sikuliximage-1547017154214.png'/&gt;
[log] CLICK on L(1085,508)@S(0)[0,0 1920x1080] (525 msec)</msg>
<status status="PASS" starttime="20190109 14:59:15.000" endtime="20190109 14:59:16.178"></status>
</kw>
<kw library="Remote" name="Paste Text">
<doc>Paste text. Image could be empty</doc>
<arguments>
<arg>register_page_confirm_password.png</arg>
<arg>123456</arg>
</arguments>
<msg timestamp="20190109 14:59:17.278" level="INFO">Params: [register_page_confirm_password.png, 123456]
Paste Text:
123456</msg>
<msg timestamp="20190109 14:59:17.278" level="INFO" html="yes">&lt;img src='./sikuliximage-1547017155363.png'/&gt;
[log] CLICK on L(1075,540)@S(0)[0,0 1920x1080] (526 msec)</msg>
<status status="PASS" starttime="20190109 14:59:16.178" endtime="20190109 14:59:17.278"></status>
</kw>
<kw library="Remote" name="Paste Text">
<doc>Paste text. Image could be empty</doc>
<arguments>
<arg>register_page_hospital.png</arg>
<arg>大竹县人民医院</arg>
</arguments>
<msg timestamp="20190109 14:59:18.385" level="INFO">Params: [register_page_hospital.png, 大竹县人民医院]
Paste Text:
大竹县人民医院</msg>
<msg timestamp="20190109 14:59:18.385" level="INFO" html="yes">&lt;img src='./sikuliximage-1547017156469.png'/&gt;
[log] CLICK on L(1070,643)@S(0)[0,0 1920x1080] (525 msec)</msg>
<status status="PASS" starttime="20190109 14:59:17.278" endtime="20190109 14:59:18.385"></status>
</kw>
<kw library="Remote" name="Paste Text">
<doc>Paste text. Image could be empty</doc>
<arguments>
<arg>register_page_section.png</arg>
<arg>康复科</arg>
</arguments>
<msg timestamp="20190109 14:59:19.515" level="INFO">Params: [register_page_section.png, 康复科]
Paste Text:
康复科</msg>
<msg timestamp="20190109 14:59:19.515" level="INFO" html="yes">&lt;img src='./sikuliximage-1547017157600.png'/&gt;
[log] CLICK on L(1067,675)@S(0)[0,0 1920x1080] (527 msec)</msg>
<status status="PASS" starttime="20190109 14:59:18.385" endtime="20190109 14:59:19.515"></status>
</kw>
<kw library="Remote" name="Paste Text">
<doc>Paste text. Image could be empty</doc>
<arguments>
<arg>register_page_email.png</arg>
<arg>test@163.com</arg>
</arguments>
<msg timestamp="20190109 14:59:20.714" level="INFO">Params: [register_page_email.png, test@163.com]
Paste Text:
test@163.com</msg>
<msg timestamp="20190109 14:59:20.714" level="INFO" html="yes">&lt;img src='./sikuliximage-1547017158756.png'/&gt;
[log] CLICK on L(1076,707)@S(0)[0,0 1920x1080] (544 msec)</msg>
<status status="PASS" starttime="20190109 14:59:19.515" endtime="20190109 14:59:20.714"></status>
</kw>
<status status="PASS" starttime="20190109 14:59:07.561" endtime="20190109 14:59:20.715"></status>
</kw>
<kw name="Confirm Register">
<kw library="Remote" name="Click">
<doc>Click image</doc>
<arguments>
<arg>register_page_ok</arg>
</arguments>
<msg timestamp="20190109 14:59:21.768" level="INFO">Params: [register_page_ok]</msg>
<msg timestamp="20190109 14:59:21.768" level="INFO" html="yes">&lt;img src='./sikuliximage-1547017159910.png'/&gt;
[log] CLICK on L(1003,752)@S(0)[0,0 1920x1080] (535 msec)</msg>
<status status="PASS" starttime="20190109 14:59:20.715" endtime="20190109 14:59:21.768"></status>
</kw>
<kw library="Remote" name="Wait Until Screen Contain">
<doc>Wait until image shown in screen</doc>
<arguments>
<arg>register_page_confirm_register.png</arg>
<arg>10</arg>
</arguments>
<msg timestamp="20190109 14:59:23.164" level="INFO">Params: [register_page_confirm_register.png, 10]</msg>
<msg timestamp="20190109 14:59:23.165" level="INFO" html="yes">&lt;img src='./sikuliximage-1547017162079.png'/&gt;</msg>
<status status="PASS" starttime="20190109 14:59:21.769" endtime="20190109 14:59:23.165"></status>
</kw>
<kw library="Remote" name="Click">
<doc>Click image</doc>
<arguments>
<arg>register_page_confirm_register_button.png</arg>
</arguments>
<msg timestamp="20190109 14:59:25.062" level="INFO">Params: [register_page_confirm_register_button.png]</msg>
<msg timestamp="20190109 14:59:25.062" level="INFO" html="yes">&lt;img src='./sikuliximage-1547017162768.png'/&gt;
[log] CLICK on L(975,600)@S(0)[0,0 1920x1080] (542 msec)</msg>
<status status="PASS" starttime="20190109 14:59:23.165" endtime="20190109 14:59:25.063"></status>
</kw>
<status status="PASS" starttime="20190109 14:59:20.715" endtime="20190109 14:59:25.063"></status>
</kw>
<kw library="Remote" name="Stop Remote Server" type="teardown">
<doc>Stops the remote server.</doc>
<msg timestamp="20190109 14:59:25.070" level="INFO">Robot Framework remote server stopping</msg>
<status status="PASS" starttime="20190109 14:59:25.064" endtime="20190109 14:59:25.072"></status>
</kw>
<status status="PASS" starttime="20190109 14:59:01.107" critical="yes" endtime="20190109 14:59:25.072"></status>
</test>
<doc>Sikuli Library Demo</doc>
<status status="PASS" starttime="20190109 14:58:58.370" endtime="20190109 14:59:25.073"></status>
</suite>
<statistics>
<total>
<stat pass="1" fail="0">Critical Tests</stat>
<stat pass="1" fail="0">All Tests</stat>
</total>
<tag>
</tag>
<suite>
<stat pass="1" fail="0" id="s1" name="Register">Register</stat>
</suite>
</statistics>
<errors>
</errors>
</robot>
